\BOOKMARK [0][-]{section*.1}{\376\377\000A\000c\000k\000n\000o\000w\000l\000e\000d\000g\000e\000m\000e\000n\000t\000s}{}% 1
\BOOKMARK [0][-]{section*.2}{\376\377\000C\000o\000n\000t\000e\000n\000t\000s}{}% 2
\BOOKMARK [0][-]{section*.3}{\376\377\000S\000u\000m\000m\000a\000r\000y}{}% 3
\BOOKMARK [0][-]{section*.4}{\376\377\000L\000i\000s\000t\000\040\000o\000f\000\040\000T\000a\000b\000l\000e\000s}{}% 4
\BOOKMARK [0][-]{section*.5}{\376\377\000L\000i\000s\000t\000\040\000o\000f\000\040\000F\000i\000g\000u\000r\000e\000s}{}% 5
\BOOKMARK [0][-]{section*.6}{\376\377\000L\000i\000s\000t\000\040\000o\000f\000\040\000A\000b\000b\000r\000e\000v\000i\000a\000t\000i\000o\000n\000s}{}% 6
\BOOKMARK [0][-]{chapter.1}{\376\377\000T\000H\000E\000O\000R\000E\000T\000I\000C\000A\000L\000\040\000F\000O\000U\000N\000D\000A\000T\000I\000O\000N\000S}{}% 7
\BOOKMARK [1][-]{section.1.1}{\376\377\000C\000r\000y\000s\000t\000a\000l\000l\000o\000g\000r\000a\000p\000h\000y\000\040\000p\000r\000o\000p\000e\000r\000t\000i\000e\000s}{chapter.1}% 8
\BOOKMARK [2][-]{subsection.1.1.1}{\376\377\000S\000t\000r\000u\000c\000t\000u\000r\000a\000l\000\040\000p\000a\000r\000a\000m\000e\000t\000e\000r\000s}{section.1.1}% 9
\BOOKMARK [2][-]{subsection.1.1.2}{\376\377\000R\000e\000c\000i\000p\000r\000o\000c\000a\000l\000\040\000s\000p\000a\000c\000e}{section.1.1}% 10
\BOOKMARK [1][-]{section.1.2}{\376\377\000T\000i\000g\000h\000t\000-\000b\000i\000n\000d\000i\000n\000g\000\040\000A\000p\000p\000r\000o\000a\000c\000h\000\040}{chapter.1}% 11
\BOOKMARK [1][-]{section.1.3}{\376\377\000E\000l\000e\000c\000t\000r\000o\000n\000\040\000d\000y\000n\000a\000m\000i\000c\000s}{chapter.1}% 12
\BOOKMARK [2][-]{subsection.1.3.1}{\376\377\000T\000i\000m\000e\000-\000d\000e\000p\000e\000n\000d\000e\000n\000t\000\040\000S\000c\000h\000r\000\366\000d\000i\000n\000g\000e\000r\000\040\000e\000q\000u\000a\000t\000i\000o\000n}{section.1.3}% 13
\BOOKMARK [2][-]{subsection.1.3.2}{\376\377\000Q\000u\000a\000n\000t\000u\000m\000\040\000M\000a\000s\000t\000e\000r\000\040\000E\000q\000u\000a\000t\000i\000o\000n}{section.1.3}% 14
\BOOKMARK [0][-]{chapter.2}{\376\377\000C\000O\000-\000L\000I\000N\000E\000A\000R\000\040\000P\000O\000L\000A\000R\000I\000Z\000A\000T\000I\000O\000N\000\040\000I\000N\000D\000U\000C\000E\000D\000\040\000P\000H\000O\000T\000O\000V\000O\000L\000T\000A\000I\000C\000\040\000E\000F\000F\000E\000C\000T}{}% 15
\BOOKMARK [1][-]{section.2.1}{\376\377\000T\000i\000m\000e\000-\000d\000e\000p\000e\000n\000d\000r\000n\000t\000\040\000P\000e\000r\000t\000u\000r\000b\000a\000t\000i\000v\000e\000\040\000A\000n\000a\000l\000y\000s\000i\000s\000\040\000o\000n\000\040\000Q\000u\000I\000\040}{chapter.2}% 16
\BOOKMARK [1][-]{section.2.2}{\376\377\000T\000h\000i\000r\000d\000-\000o\000r\000d\000e\000r\000\040\000N\000o\000n\000l\000i\000n\000e\000a\000r\000\040\000R\000e\000g\000i\000m\000e\000:\000\040\0001\000+\0002\000\040\000Q\000u\000I\000C\000\040}{chapter.2}% 17
\BOOKMARK [1][-]{section.2.3}{\376\377\000D\000e\000e\000p\000l\000y\000\040\000o\000f\000f\000-\000r\000e\000s\000o\000n\000a\000n\000t\000\040\000h\000i\000g\000h\000l\000y\000-\000n\000o\000n\000l\000i\000n\000e\000a\000r\000\040\000r\000e\000g\000i\000m\000e\000\040}{chapter.2}% 18
\BOOKMARK [0][-]{chapter.1}{\376\377\000A\000D\000I\000A\000B\000A\000T\000I\000C\000\040\000B\000A\000S\000I\000S\000\040\000R\000E\000P\000R\000E\000S\000E\000N\000T\000A\000T\000I\000O\000N\000\040}{}% 19
\BOOKMARK [0][-]{equation.1.0.10}{\376\377\000B\000i\000b\000l\000i\000o\000g\000r\000a\000p\000h\000y}{}% 20
