This is LuaHBTeX, Version 1.16.0 (TeX Live 2023)  (format=lualatex 2023.12.27)  15 APR 2024 22:27
 restricted system commands enabled.
**chapter6.tex
(./chapter6.tex
LaTeX2e <2022-11-01> patch level 1
Lua module: luaotfload 2022-10-03 3.23 Lua based OpenType font support
Lua module: lualibs 2022-10-04 2.75 ConTeXt Lua standard libraries.
Lua module: lualibs-extended 2022-10-04 2.75 ConTeXt Lua libraries -- extended c
ollection.
luaotfload | conf : Root cache directory is "/home/maowen/.texlive2023/texmf-var
/luatex-cache/generic/names".
luaotfload | init : Loading fontloader "fontloader-2022-10-03.lua" from kpse-res
olved path "/usr/local/texlive/2023/texmf-dist/tex/luatex/luaotfload/fontloader-
2022-10-03.lua".
Lua-only attribute luaotfload@noligature = 1
luaotfload | init : Context OpenType loader version 3.120
Inserting `luaotfload.node_processor' in `pre_linebreak_filter'.
Inserting `luaotfload.node_processor' in `hpack_filter'.
Inserting `luaotfload.glyph_stream' in `glyph_stream_provider'.
Inserting `luaotfload.define_font' in `define_font'.
Lua-only attribute luaotfload_color_attribute = 2
luaotfload | conf : Root cache directory is "/home/maowen/.texlive2023/texmf-var
/luatex-cache/generic/names".
Inserting `luaotfload.harf.strip_prefix' in `find_opentype_file'.
Inserting `luaotfload.harf.strip_prefix' in `find_truetype_file'.
Removing  `luaotfload.glyph_stream' from `glyph_stream_provider'.
Inserting `luaotfload.harf.glyphstream' in `glyph_stream_provider'.
Inserting `luaotfload.harf.finalize_vlist' in `post_linebreak_filter'.
Inserting `luaotfload.harf.finalize_hlist' in `hpack_filter'.
Inserting `luaotfload.cleanup_files' in `wrapup_run'.
Inserting `luaotfload.harf.finalize_unicode' in `finish_pdffile'.
Inserting `luaotfload.glyphinfo' in `glyph_info'.
Lua-only attribute luaotfload.letterspace_done = 3
Inserting `luaotfload.aux.set_sscale_dimens' in `luaotfload.patch_font'.
Inserting `luaotfload.aux.set_font_index' in `luaotfload.patch_font'.
Inserting `luaotfload.aux.patch_cambria_domh' in `luaotfload.patch_font'.
Inserting `luaotfload.aux.fixup_fontdata' in `luaotfload.patch_font_unsafe'.
Inserting `luaotfload.aux.set_capheight' in `luaotfload.patch_font'.
Inserting `luaotfload.aux.set_xheight' in `luaotfload.patch_font'.
Inserting `luaotfload.rewrite_fontname' in `luaotfload.patch_font'. L3 programm
ing layer <2023-02-22>
Inserting `tracingstacklevels' in `input_level_string'.
! Undefined control sequence.
l.4 \chapter
          {CONCLUSION AND OUTLOOK \label{ch:ch6}}
? Q
OK, entering \batchmode...

! LaTeX Error: Missing \begin{document}.

See the LaTeX manual or LaTeX Companion for explanation.
Type  H <return>  for immediate help.
 ...                                              
                                                  
l.4 \chapter{C
            ONCLUSION AND OUTLOOK \label{ch:ch6}}
You're in trouble here.  Try typing  <return>  to proceed.
If that doesn't work, type  X <return>  to quit.


Overfull \hbox (20.0pt too wide) in paragraph at lines 4--6
[]CONCLUSION
 []


! LaTeX Error: Missing \begin{document}.

See the LaTeX manual or LaTeX Companion for explanation.
Type  H <return>  for immediate help.
 ...                                              
                                                  
l.7 C
   hapter (\ref{ch:ch2}) introduces the tight-binding model, illustrating it...
You're in trouble here.  Try typing  <return>  to proceed.
If that doesn't work, type  X <return>  to quit.

luaotfload | db : Font names database loaded from /home/maowen/.texlive2023/texm
f-var/luatex-cache/generic/names/luaotfload-names.luc.gz
! Undefined control sequence.
<write> ...X Warning: Reference `ch:ch2' on page \thepage 
                                                  \space undefined\on@line .
l.7 Chapter (\ref{ch:ch2}
                       ) introduces the tight-binding model, illustrating it...
The control sequence at the end of the top line
of your error message was never \def'ed. If you have
misspelled it (e.g., `\hobx'), type `I' and the correct
spelling (e.g., `I\hbox'). Otherwise just continue,
and I'll forget about whatever was undefined.


LaTeX Warning: Reference `ch:ch2' on page  undefined on input line 7.


Overfull \hbox (20.0pt too wide) in paragraph at lines 7--8
[]Chapter
 []


Overfull \hbox (10.85999pt too wide) in paragraph at lines 7--8
([])
 []


! LaTeX Error: Missing \begin{document}.

See the LaTeX manual or LaTeX Companion for explanation.
Type  H <return>  for immediate help.
 ...                                              
                                                  
l.9 I
   n Chapter (\ref{ch:ch3}), the focus shifts to the light-induced electron ...
You're in trouble here.  Try typing  <return>  to proceed.
If that doesn't work, type  X <return>  to quit.

! Undefined control sequence.
<write> ...X Warning: Reference `ch:ch3' on page \thepage 
                                                  \space undefined\on@line .
l.9 In Chapter (\ref{ch:ch3}
                          ), the focus shifts to the light-induced electron ...
The control sequence at the end of the top line
of your error message was never \def'ed. If you have
misspelled it (e.g., `\hobx'), type `I' and the correct
spelling (e.g., `I\hbox'). Otherwise just continue,
and I'll forget about whatever was undefined.


LaTeX Warning: Reference `ch:ch3' on page  undefined on input line 9.

! Undefined control sequence.
l.9 ... prototypical two-dimensional insulator, \gls
                                                  {h-BN}, employing a simpli...
The control sequence at the end of the top line
of your error message was never \def'ed. If you have
misspelled it (e.g., `\hobx'), type `I' and the correct
spelling (e.g., `I\hbox'). Otherwise just continue,
and I'll forget about whatever was undefined.


Overfull \hbox (20.0pt too wide) in paragraph at lines 9--10
[]In
 []


Overfull \hbox (10.85999pt too wide) in paragraph at lines 9--10
([]),
 []


! LaTeX Error: Missing \begin{document}.

See the LaTeX manual or LaTeX Companion for explanation.
Type  H <return>  for immediate help.
 ...                                              
                                                  
l.11 C
    hapter (\ref{ch:ch4}) delves into the mechanism of THz-induced high-orde...
You're in trouble here.  Try typing  <return>  to proceed.
If that doesn't work, type  X <return>  to quit.

! Undefined control sequence.
<write> ...X Warning: Reference `ch:ch4' on page \thepage 
                                                  \space undefined\on@line .
l.11 Chapter (\ref{ch:ch4}
                        ) delves into the mechanism of THz-induced high-orde...
The control sequence at the end of the top line
of your error message was never \def'ed. If you have
misspelled it (e.g., `\hobx'), type `I' and the correct
spelling (e.g., `I\hbox'). Otherwise just continue,
and I'll forget about whatever was undefined.


LaTeX Warning: Reference `ch:ch4' on page  undefined on input line 11.


Overfull \hbox (20.0pt too wide) in paragraph at lines 11--12
[]Chapter
 []


Overfull \hbox (10.85999pt too wide) in paragraph at lines 11--12
([])
 []


! LaTeX Error: Missing \begin{document}.

See the LaTeX manual or LaTeX Companion for explanation.
Type  H <return>  for immediate help.
 ...                                              
                                                  
l.13 I
    n Chapter (\ref{ch:ch5}), the thesis explores strategies to enhance or s...
You're in trouble here.  Try typing  <return>  to proceed.
If that doesn't work, type  X <return>  to quit.

! Undefined control sequence.
<write> ...X Warning: Reference `ch:ch5' on page \thepage 
                                                  \space undefined\on@line .
l.13 In Chapter (\ref{ch:ch5}
                           ), the thesis explores strategies to enhance or s...
The control sequence at the end of the top line
of your error message was never \def'ed. If you have
misspelled it (e.g., `\hobx'), type `I' and the correct
spelling (e.g., `I\hbox'). Otherwise just continue,
and I'll forget about whatever was undefined.


LaTeX Warning: Reference `ch:ch5' on page  undefined on input line 13.


Overfull \hbox (20.0pt too wide) in paragraph at lines 13--14
[]In
 []


Overfull \hbox (10.85999pt too wide) in paragraph at lines 13--14
([]),
 []


! LaTeX Error: Missing \begin{document}.

See the LaTeX manual or LaTeX Companion for explanation.
Type  H <return>  for immediate help.
 ...                                              
                                                  
l.15 B
    ased on our discussion, we show the tight-binding model offers several a...
You're in trouble here.  Try typing  <return>  to proceed.
If that doesn't work, type  X <return>  to quit.


Overfull \hbox (20.0pt too wide) in paragraph at lines 15--16
[]Based
 []


Overfull \hbox (20.0pt too wide) in paragraph at lines 26--27
[]Overall,
 []

)
! Emergency stop.
<*> chapter6.tex
             
*** (job aborted, no legal \end found)



Here is how much of LuaTeX's memory you used:
 28 strings out of 478285
 100000,1977958 words of node,token memory allocated 46276 words of node memory still in use:
   68 hlist, 33 disc, 17 local_par, 1 dir, 940 glue, 3 kern, 47 penalty, 5408 gl
yph, 84 attribute, 39 glue_spec, 84 attribute_list, 1 temp, 1 write nodes
   avail lists: 4:81,5:13,9:1,10:80
 20352 multiletter control sequences out of 65536+600000
 16 fonts using 855119 bytes
 16i,2n,12p,640b,99s stack positions out of 10000i,1000n,20000p,200000b,200000s
!  ==> Fatal error occurred, no output PDF file produced!
